Success (9):
processModel 4130 0003daf1-dd1b-8000-a73e-010000010000 "Get Fixed Asset Data"
processModel 4116 0016db50-e7c4-8000-a73e-010000010000 "Update Order To Pegasys"
processModel 4129 0003daf3-2f3e-8000-a73e-010000010000 "Get Fixed Asset Data Initial"
processModel 4133 0004db46-49ef-8000-a73e-010000010000 "Get Vendor Data Initial"
processModel 4134 0005db46-49cd-8000-a73e-010000010000 "Get Vendor Data"
processModel 4131 0003daf2-2f05-8000-a73e-010000010000 "Get Accounting String Templates Initial"
processModel 4121 0005db3c-f41d-8000-a73e-010000010000 "Update Commit And Reservation To Pegasys"
processModel 4132 0003daee-00f9-8000-a73e-010000010000 "Get Accounting String Templates"
application 34656 _a-0000dbe3-242a-8000-a73e-010000010000_38155 "2.1 IVV Patch App"

Referenced precedents that were not exported (58):
datatype 7836 {http://pbs.gsa.gov/easi/types/}EASI_Contract_VW
datatype 7840 {http://pbs.gsa.gov/easi/types/}EASI_Contract
datatype 7580 {http://pbs.gsa.gov/easi/types/}EASI_PG_ErrorMessage
datatype 6872 {http://pbs.gsa.gov/easi/types/}EASI_AccountingString
datatype 7576 {http://pbs.gsa.gov/easi/types/}EASI_PG_TransferData
datatype 7848 {http://pbs.gsa.gov/easi/types/}EASI_PurchaseRequest
datatype 6968 {http://pbs.gsa.gov/easi/types/}EASI_PurchaseRequest_VW
dataStore 1897 _a-0000d834-81c2-8000-bffe-010000010000_1829
group 9 _e-0000d836-7a11-8000-bffc-010000010000_27
group 20 _e-0000d926-e761-8000-14fa-010000010000_556
content 34556 _a-0000dae7-bac7-8000-a73e-010000010000_24966
content 34549 _a-0000dae7-bac7-8000-a73e-010000010000_24996
content 34552 _a-0000dae7-bac7-8000-a73e-010000010000_25007
content 34547 _a-0000dae7-bac7-8000-a73e-010000010000_24995
content 34559 _a-0000dae7-bac7-8000-a73e-010000010000_24964
content 34557 _a-0000dae7-bac7-8000-a73e-010000010000_25035
content 34555 _a-0000dae7-bac7-8000-a73e-010000010000_24965
content 34550 _a-0000dae7-bac7-8000-a73e-010000010000_24997
content 2114 _a-0000d836-7a15-8000-bffe-010000010000_4195
content 2390 _a-0000d89f-e1f6-8000-bffe-010000010000_17089
content 32179 _a-0000db56-76b5-8000-a73e-010000010000_35675
content 32180 _a-0000db3d-c165-8000-a73e-010000010000_34571
content 32182 _a-0000db3d-c165-8000-a73e-010000010000_34570
content 2110 _a-0000d82d-029b-8000-4594-010000010000_17243
content 2521 _a-0000d89f-e1f6-8000-bffe-010000010000_17526
content 23603 _a-0000dad8-b7a1-8000-14fc-010000010000_79046
content 32183 _a-0000db2a-9eb9-8000-a73e-010000010000_33861
content 32224 _a-0000db6c-2157-8000-a73e-010000010000_37316
content 2643 _a-0000d82f-49aa-8000-bffe-010000010000_1754
content 2283 50c0d9db-c727-4a01-9d6c-20245048db8e
content 2569 _a-0000d85c-c6c4-8000-bffe-010000010000_8655
content 32226 _a-0000db92-5ccf-8000-a73e-010000010000_39122
content 32184 _a-0000db2a-9eb9-8000-a73e-010000010000_33863
content 32222 _a-0000db6c-2157-8000-a73e-010000010000_37315
content 2161 0944c83c-31d5-4dbf-8b4c-b1e9cdf4e5fd
content 32219 _a-0000db50-9637-8000-a73e-010000010000_35464
content 32185 _a-0000db2a-9eb9-8000-a73e-010000010000_33871
content 34548 _a-0000dae7-bac7-8000-a73e-010000010000_25077
content 34551 _a-0000db3d-c165-8000-a73e-010000010000_34717
content 34554 _a-0000db3d-c165-8000-a73e-010000010000_34714
content 34553 _a-0000db3d-c165-8000-a73e-010000010000_34720
content 34545 _a-0000dae7-bac7-8000-a73e-010000010000_24990
content 34544 _a-0000dae7-bac7-8000-a73e-010000010000_24991
content 34558 _a-0000dae7-bac7-8000-a73e-010000010000_24994
content 1996 _a-0000d836-7a15-8000-bffe-010000010000_4329
content 33025 _a-0000db3d-c165-8000-a73e-010000010000_34577
content 32195 _a-0000db2a-9eb9-8000-a73e-010000010000_32115
content 2047 _a-0000d830-987f-8000-4594-010000010000_1355
content 33037 _a-0000db3d-c165-8000-a73e-010000010000_34296
content 33026 _a-0000db2a-9eb9-8000-a73e-010000010000_33869
content 20061 _a-0000daba-dca4-8000-14fc-010000010000_76773
content 14643 ada2bdaa-2af8-474e-aa5d-7543dd008311
content 33038 _a-0000db67-2d67-8000-a73e-010000010000_36964
content 33027 _a-0000db2a-9eb9-8000-a73e-010000010000_33870
content 2118 73ddb6ee-fad7-4bdf-b38f-1d49c035c959
content 33039 _a-0000db76-ad54-8000-a73e-010000010000_37940
processModelFolder 31 _g-0000d836-7a17-8000-bfff-010000010000_70
processModelFolder 62 _g-0000db2a-9f43-8000-a73e-010000010000_68

Trace:
2016-02-03 13:39:43.628 DEBUG application 34656 _a-0000dbe3-242a-8000-a73e-010000010000_38155 Begin transport.
2016-02-03 13:39:43.629 DEBUG application 34656 _a-0000dbe3-242a-8000-a73e-010000010000_38155 Retrieving object data.
2016-02-03 13:39:43.668 DEBUG application 34656 _a-0000dbe3-242a-8000-a73e-010000010000_38155 App associated objects: GlobalIdMap[processModel=[0003daf1-dd1b-8000-a73e-010000010000, 0016db50-e7c4-8000-a73e-010000010000, 0003daf3-2f3e-8000-a73e-010000010000, 0004db46-49ef-8000-a73e-010000010000, 0005db46-49cd-8000-a73e-010000010000, 0003daf2-2f05-8000-a73e-010000010000, 0005db3c-f41d-8000-a73e-010000010000, 0003daee-00f9-8000-a73e-010000010000]]
2016-02-03 13:39:43.676 DEBUG application 34656 _a-0000dbe3-242a-8000-a73e-010000010000_38155 Invalid associated objects: GlobalIdMap[]
2016-02-03 13:39:43.676 DEBUG application 34656 _a-0000dbe3-242a-8000-a73e-010000010000_38155 Adding valid associated objects to be exported: GlobalBindingMap[processModel={0003daf1-dd1b-8000-a73e-010000010000=4130, 0016db50-e7c4-8000-a73e-010000010000=4116, 0003daf3-2f3e-8000-a73e-010000010000=4129, 0004db46-49ef-8000-a73e-010000010000=4133, 0005db46-49cd-8000-a73e-010000010000=4134, 0003daf2-2f05-8000-a73e-010000010000=4131, 0005db3c-f41d-8000-a73e-010000010000=4121, 0003daee-00f9-8000-a73e-010000010000=4132}]
2016-02-03 13:39:43.677 DEBUG application 34656 _a-0000dbe3-242a-8000-a73e-010000010000_38155 Setting uuids of object references.
2016-02-03 13:39:43.682 DEBUG application 34656 _a-0000dbe3-242a-8000-a73e-010000010000_38155 Processing reference: Application.forum
2016-02-03 13:39:43.683 DEBUG application 34656 _a-0000dbe3-242a-8000-a73e-010000010000_38155 Processing reference: Application.parent
2016-02-03 13:39:43.689 DEBUG application 34656 _a-0000dbe3-242a-8000-a73e-010000010000_38155 Processing reference: com.appiancorp.suiteapi.content.ContentRoleMap@7891599d[
  ContentRole[name=readers,inherit=false,allowForAll=false]
  ContentRole[name=authors,inherit=false,allowForAll=false]
  ContentRole[name=administrators,usernames=[Administrator],inherit=false,allowForAll=false]
  ContentRole[name=denyReaders,inherit=false,allowForAll=false]
  ContentRole[name=denyAuthors,inherit=false,allowForAll=false]
  ContentRole[name=denyAdministrators,inherit=false,allowForAll=false]
  securityVector=129:SEC_PUBLIC=true,SEC_CREATOR_ADMIN=true,SEC_INH_ADMIN=false,SEC_INH_EDITOR=false,SEC_INH_VIEWER=false,SEC_ALL_ADMIN=false,SEC_ALL_EDITOR=false,SEC_ALL_VIEWER=false
]
2016-02-03 13:39:43.689 DEBUG application 34656 _a-0000dbe3-242a-8000-a73e-010000010000_38155 Processing reference: ContentRole[name=readers,inherit=false,allowForAll=false]
2016-02-03 13:39:43.689 DEBUG application 34656 _a-0000dbe3-242a-8000-a73e-010000010000_38155 Processing reference: ContentRole[name=authors,inherit=false,allowForAll=false]
2016-02-03 13:39:43.689 DEBUG application 34656 _a-0000dbe3-242a-8000-a73e-010000010000_38155 Processing reference: ContentRole[name=administrators,usernames=[Administrator],inherit=false,allowForAll=false]
2016-02-03 13:39:43.694 DEBUG application 34656 _a-0000dbe3-242a-8000-a73e-010000010000_38155 Processing reference: ContentRole[name=denyReaders,inherit=false,allowForAll=false]
2016-02-03 13:39:43.695 DEBUG application 34656 _a-0000dbe3-242a-8000-a73e-010000010000_38155 Processing reference: ContentRole[name=denyAuthors,inherit=false,allowForAll=false]
2016-02-03 13:39:43.695 DEBUG application 34656 _a-0000dbe3-242a-8000-a73e-010000010000_38155 Processing reference: ContentRole[name=denyAdministrators,inherit=false,allowForAll=false]
2016-02-03 13:39:43.697 DEBUG processModel 4130 0003daf1-dd1b-8000-a73e-010000010000 Begin transport.
2016-02-03 13:39:43.699 DEBUG processModel 4130 0003daf1-dd1b-8000-a73e-010000010000 Retrieving object data.
2016-02-03 13:39:44.088 DEBUG processModel 4130 0003daf1-dd1b-8000-a73e-010000010000 Setting uuids of object references.
2016-02-03 13:39:44.092 DEBUG processModel 4130 0003daf1-dd1b-8000-a73e-010000010000 Processing reference: ProcessModelHaul.folderId
2016-02-03 13:39:44.094 DEBUG processModel 4130 0003daf1-dd1b-8000-a73e-010000010000 Processing reference: ProcessModelHaul.modelDashboardPageId
2016-02-03 13:39:44.094 DEBUG processModel 4130 0003daf1-dd1b-8000-a73e-010000010000 Processing reference: ProcessModelHaul.processDashboardPageId
2016-02-03 13:39:44.094 DEBUG processModel 4130 0003daf1-dd1b-8000-a73e-010000010000 Processing reference: ProcessModel.emailAttachmentFolderId
2016-02-03 13:39:44.139 DEBUG processModel 4130 0003daf1-dd1b-8000-a73e-010000010000 Processing reference: ActivityClassParameter[name=pmID,it=23,v=<null>]
2016-02-03 13:39:44.141 DEBUG processModel 4130 0003daf1-dd1b-8000-a73e-010000010000 Processing reference: ActivityClassParameter[name=inMap,it=111,v={}]
2016-02-03 13:39:44.152 DEBUG processModel 4130 0003daf1-dd1b-8000-a73e-010000010000 Processing reference: ActivityClassParameter[name=procInheritsPriority,it=1,v=1]
2016-02-03 13:39:44.153 DEBUG processModel 4130 0003daf1-dd1b-8000-a73e-010000010000 Processing reference: ActivityClassParameter[name=pmUUID,it=3,v=]
2016-02-03 13:39:44.153 DEBUG processModel 4130 0003daf1-dd1b-8000-a73e-010000010000 Processing reference: ActivityClassParameter[name=isAsynchronous,it=26,v=1]
2016-02-03 13:39:44.153 DEBUG processModel 4130 0003daf1-dd1b-8000-a73e-010000010000 Processing reference: ActivityClassParameter[name=isTransparent,it=26,v=1]
2016-02-03 13:39:44.153 DEBUG processModel 4130 0003daf1-dd1b-8000-a73e-010000010000 Processing reference: ActivityClassParameter[name=inheritSecurity,it=26,v=0]
2016-02-03 13:39:44.154 DEBUG processModel 4130 0003daf1-dd1b-8000-a73e-010000010000 Processing reference: ActivityClassParameter[name=DatabaseDatabase,it=3,v=]
2016-02-03 13:39:44.154 DEBUG processModel 4130 0003daf1-dd1b-8000-a73e-010000010000 Processing reference: ActivityClassParameter[name=DatabaseHost,it=3,v=]
2016-02-03 13:39:44.155 DEBUG processModel 4130 0003daf1-dd1b-8000-a73e-010000010000 Processing reference: ActivityClassParameter[name=DatabasePassword,it=3,v=]
2016-02-03 13:39:44.155 DEBUG processModel 4130 0003daf1-dd1b-8000-a73e-010000010000 Processing reference: ActivityClassParameter[name=DatabasePort,it=3,v=]
2016-02-03 13:39:44.155 DEBUG processModel 4130 0003daf1-dd1b-8000-a73e-010000010000 Processing reference: ActivityClassParameter[name=DatabaseUsername,it=3,v=]
2016-02-03 13:39:44.155 DEBUG processModel 4130 0003daf1-dd1b-8000-a73e-010000010000 Processing reference: ActivityClassParameter[name=FundsList,it=103,v=<null>]
2016-02-03 13:39:44.155 DEBUG processModel 4130 0003daf1-dd1b-8000-a73e-010000010000 Processing reference: ActivityClassParameter[name=WsdlPassword,it=3,v=]
2016-02-03 13:39:44.155 DEBUG processModel 4130 0003daf1-dd1b-8000-a73e-010000010000 Processing reference: ActivityClassParameter[name=WsdlUrl,it=3,v=]
2016-02-03 13:39:44.156 DEBUG processModel 4130 0003daf1-dd1b-8000-a73e-010000010000 Processing reference: ActivityClassParameter[name=WsdlUsername,it=3,v=]
2016-02-03 13:39:44.156 DEBUG processModel 4130 0003daf1-dd1b-8000-a73e-010000010000 Processing reference: ActivityClassParameter[name=error,it=26,v=<null>]
2016-02-03 13:39:44.156 DEBUG processModel 4130 0003daf1-dd1b-8000-a73e-010000010000 Processing reference: ActivityClassParameter[name=updateDate,it=7,v=<null>]
2016-02-03 13:39:44.157 DEBUG processModel 4130 0003daf1-dd1b-8000-a73e-010000010000 Processing reference: ProcessVariable[name=error,it=26,v=<null>]
2016-02-03 13:39:44.157 DEBUG processModel 4130 0003daf1-dd1b-8000-a73e-010000010000 Processing reference: com.appiancorp.suiteapi.process.ProcessRoleMap@3c17f83d[
  Role[name=ADMIN_OWNER,groupIds=[9]]
  Role[name=EDITOR]
  Role[name=EXPLICIT_NONMEMBER]
  Role[name=VIEWER,groupIds=[20]]
  Role[name=MANAGER]
  Role[name=INITIATOR]
]
2016-02-03 13:39:44.157 DEBUG processModel 4130 0003daf1-dd1b-8000-a73e-010000010000 Processing reference: Role[name=ADMIN_OWNER,groupIds=[9]]
2016-02-03 13:39:44.159 DEBUG processModel 4130 0003daf1-dd1b-8000-a73e-010000010000 Processing reference: Role[name=EDITOR]
2016-02-03 13:39:44.159 DEBUG processModel 4130 0003daf1-dd1b-8000-a73e-010000010000 Processing reference: Role[name=EXPLICIT_NONMEMBER]
2016-02-03 13:39:44.159 DEBUG processModel 4130 0003daf1-dd1b-8000-a73e-010000010000 Processing reference: Role[name=VIEWER,groupIds=[20]]
2016-02-03 13:39:44.16 DEBUG processModel 4130 0003daf1-dd1b-8000-a73e-010000010000 Processing reference: Role[name=MANAGER]
2016-02-03 13:39:44.16 DEBUG processModel 4130 0003daf1-dd1b-8000-a73e-010000010000 Processing reference: Role[name=INITIATOR]
2016-02-03 13:39:44.181 DEBUG processModel 4130 0003daf1-dd1b-8000-a73e-010000010000 Exporting binary resources.
2016-02-03 13:39:44.181 DEBUG processModel 4130 0003daf1-dd1b-8000-a73e-010000010000 Serializing object to XML.
2016-02-03 13:39:44.228 DEBUG processModel 4130 0003daf1-dd1b-8000-a73e-010000010000 Object transported.
2016-02-03 13:39:44.228 DEBUG processModel 4116 0016db50-e7c4-8000-a73e-010000010000 Begin transport.
2016-02-03 13:39:44.228 DEBUG processModel 4116 0016db50-e7c4-8000-a73e-010000010000 Retrieving object data.
2016-02-03 13:39:44.991 DEBUG processModel 4116 0016db50-e7c4-8000-a73e-010000010000 Setting uuids of object references.
2016-02-03 13:39:44.991 DEBUG processModel 4116 0016db50-e7c4-8000-a73e-010000010000 Processing reference: ProcessModelHaul.folderId
2016-02-03 13:39:44.992 DEBUG processModel 4116 0016db50-e7c4-8000-a73e-010000010000 Processing reference: ProcessModelHaul.modelDashboardPageId
2016-02-03 13:39:44.992 DEBUG processModel 4116 0016db50-e7c4-8000-a73e-010000010000 Processing reference: ProcessModelHaul.processDashboardPageId
2016-02-03 13:39:44.992 DEBUG processModel 4116 0016db50-e7c4-8000-a73e-010000010000 Processing reference: ProcessModel.emailAttachmentFolderId
2016-02-03 13:39:44.998 DEBUG processModel 4116 0016db50-e7c4-8000-a73e-010000010000 Processing reference: FormElement[label=Question1]
2016-02-03 13:39:45.002 DEBUG processModel 4116 0016db50-e7c4-8000-a73e-010000010000 Processing reference: FormElement[label=Question2]
2016-02-03 13:39:45.003 DEBUG processModel 4116 0016db50-e7c4-8000-a73e-010000010000 Processing reference: ActivityClassParameter[name=pmID,it=23,v=<null>]
2016-02-03 13:39:45.003 DEBUG processModel 4116 0016db50-e7c4-8000-a73e-010000010000 Processing reference: ActivityClassParameter[name=inMap,it=111,v={}]
2016-02-03 13:39:45.003 DEBUG processModel 4116 0016db50-e7c4-8000-a73e-010000010000 Processing reference: ActivityClassParameter[name=procInheritsPriority,it=1,v=1]
2016-02-03 13:39:45.004 DEBUG processModel 4116 0016db50-e7c4-8000-a73e-010000010000 Processing reference: ActivityClassParameter[name=pmUUID,it=3,v=]
2016-02-03 13:39:45.004 DEBUG processModel 4116 0016db50-e7c4-8000-a73e-010000010000 Processing reference: ActivityClassParameter[name=isAsynchronous,it=26,v=1]
2016-02-03 13:39:45.004 DEBUG processModel 4116 0016db50-e7c4-8000-a73e-010000010000 Processing reference: ActivityClassParameter[name=isTransparent,it=26,v=1]
2016-02-03 13:39:45.004 DEBUG processModel 4116 0016db50-e7c4-8000-a73e-010000010000 Processing reference: ActivityClassParameter[name=inheritSecurity,it=26,v=0]
2016-02-03 13:39:45.004 DEBUG processModel 4116 0016db50-e7c4-8000-a73e-010000010000 Processing reference: ActivityClassParameter[name=awardVw,it=7836,v=<null>]
2016-02-03 13:39:45.005 DEBUG processModel 4116 0016db50-e7c4-8000-a73e-010000010000 Processing reference: ActivityClassParameter[name=awardObj,it=7840,v=<null>]
2016-02-03 13:39:45.006 DEBUG processModel 4116 0016db50-e7c4-8000-a73e-010000010000 Processing reference: ActivityClassParameter[name=defaultNode,it=1,v=9]
2016-02-03 13:39:45.006 DEBUG processModel 4116 0016db50-e7c4-8000-a73e-010000010000 Processing reference: ActivityClassParameter[name=rules,it=111,v={ActivityClassParameter[name=rule,it=11,v={ActivityClassParameter[name=expression,it=26,v=<null>],ActivityClassParameter[name=node,it=1,v=1],ActivityClassParameter[name=label,it=3,v=]}]}]
2016-02-03 13:39:45.006 DEBUG processModel 4116 0016db50-e7c4-8000-a73e-010000010000 Processing reference: ActivityClassParameter[name=fired,it=1,v=0]
2016-02-03 13:39:45.006 DEBUG processModel 4116 0016db50-e7c4-8000-a73e-010000010000 Processing reference: ActivityClassParameter[name=arrivedNodes,it=101,v=<null>]
2016-02-03 13:39:45.007 DEBUG processModel 4116 0016db50-e7c4-8000-a73e-010000010000 Processing reference: ActivityClassParameter[name=StoredValues,it=565,v=<null>]
2016-02-03 13:39:45.007 DEBUG processModel 4116 0016db50-e7c4-8000-a73e-010000010000 Processing reference: ActivityClassParameter[name=ValueToStore,it=565,v=<null>]
2016-02-03 13:39:45.007 DEBUG processModel 4116 0016db50-e7c4-8000-a73e-010000010000 Processing reference: ActivityClassParameter[name=StoredValues,it=565,v=<null>]
2016-02-03 13:39:45.008 DEBUG processModel 4116 0016db50-e7c4-8000-a73e-010000010000 Processing reference: ActivityClassParameter[name=ValueToStore,it=565,v=<null>]
2016-02-03 13:39:45.008 DEBUG processModel 4116 0016db50-e7c4-8000-a73e-010000010000 Processing reference: ActivityClassParameter[name=defaultNode,it=1,v=3]
2016-02-03 13:39:45.008 DEBUG processModel 4116 0016db50-e7c4-8000-a73e-010000010000 Processing reference: ActivityClassParameter[name=rules,it=111,v={ActivityClassParameter[name=rule,it=11,v={ActivityClassParameter[name=expression,it=26,v=<null>],ActivityClassParameter[name=node,it=1,v=5],ActivityClassParameter[name=label,it=3,v=]}]}]
2016-02-03 13:39:45.009 DEBUG processModel 4116 0016db50-e7c4-8000-a73e-010000010000 Processing reference: ActivityClassParameter[name=fired,it=1,v=0]
2016-02-03 13:39:45.009 DEBUG processModel 4116 0016db50-e7c4-8000-a73e-010000010000 Processing reference: ActivityClassParameter[name=arrivedNodes,it=101,v=<null>]
2016-02-03 13:39:45.009 DEBUG processModel 4116 0016db50-e7c4-8000-a73e-010000010000 Processing reference: ActivityClassParameter[name=button,it=3,v=]
2016-02-03 13:39:45.009 DEBUG processModel 4116 0016db50-e7c4-8000-a73e-010000010000 Processing reference: FormElement[label=Question1]
2016-02-03 13:39:45.01 DEBUG processModel 4116 0016db50-e7c4-8000-a73e-010000010000 Processing reference: UiExpressionForm.expression
2016-02-03 13:39:45.017 DEBUG processModel 4116 0016db50-e7c4-8000-a73e-010000010000 Processing reference: com.appiancorp.suiteapi.process.Assignment$Assignee@1da92db6
2016-02-03 13:39:45.017 DEBUG processModel 4116 0016db50-e7c4-8000-a73e-010000010000 Processing reference: ActivityClassParameter[name=defaultNode,it=1,v=8]
2016-02-03 13:39:45.018 DEBUG processModel 4116 0016db50-e7c4-8000-a73e-010000010000 Processing reference: ActivityClassParameter[name=rules,it=111,v={ActivityClassParameter[name=rule,it=11,v={ActivityClassParameter[name=expression,it=26,v=<null>],ActivityClassParameter[name=node,it=1,v=1],ActivityClassParameter[name=label,it=3,v=No]}],ActivityClassParameter[name=rule,it=11,v={ActivityClassParameter[name=expression,it=26,v=<null>],ActivityClassParameter[name=node,it=1,v=11],ActivityClassParameter[name=label,it=3,v=Award Mod]}]}]
2016-02-03 13:39:45.019 DEBUG processModel 4116 0016db50-e7c4-8000-a73e-010000010000 Processing reference: ActivityClassParameter[name=fired,it=1,v=0]
2016-02-03 13:39:45.019 DEBUG processModel 4116 0016db50-e7c4-8000-a73e-010000010000 Processing reference: ActivityClassParameter[name=arrivedNodes,it=101,v=<null>]
2016-02-03 13:39:45.019 DEBUG processModel 4116 0016db50-e7c4-8000-a73e-010000010000 Processing reference: ActivityClassParameter[name=AccountingLine,it=197,v=<null>]
2016-02-03 13:39:45.019 DEBUG processModel 4116 0016db50-e7c4-8000-a73e-010000010000 Processing reference: ActivityClassParameter[name=AssetLine,it=197,v=<null>]
2016-02-03 13:39:45.019 DEBUG processModel 4116 0016db50-e7c4-8000-a73e-010000010000 Processing reference: ActivityClassParameter[name=AssetLineFunding,it=197,v=<null>]
2016-02-03 13:39:45.019 DEBUG processModel 4116 0016db50-e7c4-8000-a73e-010000010000 Processing reference: ActivityClassParameter[name=Errors,it=7581,v=<null>]
2016-02-03 13:39:45.02 DEBUG processModel 4116 0016db50-e7c4-8000-a73e-010000010000 Processing reference: ActivityClassParameter[name=PegasysDocumentHeader,it=97,v=TypedValue[it=97,v=<null>]]
2016-02-03 13:39:45.02 DEBUG processModel 4116 0016db50-e7c4-8000-a73e-010000010000 Processing reference: ActivityClassParameter[name=Success,it=26,v=<null>]
2016-02-03 13:39:45.02 DEBUG processModel 4116 0016db50-e7c4-8000-a73e-010000010000 Processing reference: ActivityClassParameter[name=WSDLPassword,it=3,v=]
2016-02-03 13:39:45.02 DEBUG processModel 4116 0016db50-e7c4-8000-a73e-010000010000 Processing reference: ActivityClassParameter[name=WSDLURL,it=3,v=]
2016-02-03 13:39:45.02 DEBUG processModel 4116 0016db50-e7c4-8000-a73e-010000010000 Processing reference: ActivityClassParameter[name=WSDLUsername,it=3,v=]
2016-02-03 13:39:45.022 DEBUG processModel 4116 0016db50-e7c4-8000-a73e-010000010000 Processing reference: ActivityClassParameter[name=AccountingLine,it=197,v=<null>]
2016-02-03 13:39:45.022 DEBUG processModel 4116 0016db50-e7c4-8000-a73e-010000010000 Processing reference: ActivityClassParameter[name=AssetLine,it=197,v=<null>]
2016-02-03 13:39:45.022 DEBUG processModel 4116 0016db50-e7c4-8000-a73e-010000010000 Processing reference: ActivityClassParameter[name=AssetLineFunding,it=197,v=<null>]
2016-02-03 13:39:45.023 DEBUG processModel 4116 0016db50-e7c4-8000-a73e-010000010000 Processing reference: ActivityClassParameter[name=Errors,it=7581,v=<null>]
2016-02-03 13:39:45.023 DEBUG processModel 4116 0016db50-e7c4-8000-a73e-010000010000 Processing reference: ActivityClassParameter[name=PegasysDocumentHeader,it=97,v=TypedValue[it=97,v=<null>]]
2016-02-03 13:39:45.023 DEBUG processModel 4116 0016db50-e7c4-8000-a73e-010000010000 Processing reference: ActivityClassParameter[name=Success,it=26,v=<null>]
2016-02-03 13:39:45.023 DEBUG processModel 4116 0016db50-e7c4-8000-a73e-010000010000 Processing reference: ActivityClassParameter[name=WSDLPassword,it=3,v=]
2016-02-03 13:39:45.023 DEBUG processModel 4116 0016db50-e7c4-8000-a73e-010000010000 Processing reference: ActivityClassParameter[name=WSDLURL,it=3,v=]
2016-02-03 13:39:45.023 DEBUG processModel 4116 0016db50-e7c4-8000-a73e-010000010000 Processing reference: ActivityClassParameter[name=WSDLUsername,it=3,v=]
2016-02-03 13:39:45.024 DEBUG processModel 4116 0016db50-e7c4-8000-a73e-010000010000 Processing reference: ProcessVariable[name=accStrs,it=6873,v=<null>]
2016-02-03 13:39:45.025 DEBUG processModel 4116 0016db50-e7c4-8000-a73e-010000010000 Processing reference: ProcessVariable[name=awardId,it=1,v=0]
2016-02-03 13:39:45.025 DEBUG processModel 4116 0016db50-e7c4-8000-a73e-010000010000 Processing reference: ProcessVariable[name=awardObj,it=7840,v=<null>]
2016-02-03 13:39:45.025 DEBUG processModel 4116 0016db50-e7c4-8000-a73e-010000010000 Processing reference: ProcessVariable[name=awardVW,it=7836,v=<null>]
2016-02-03 13:39:45.025 DEBUG processModel 4116 0016db50-e7c4-8000-a73e-010000010000 Processing reference: ProcessVariable[name=btnSelected,it=3,v=]
2016-02-03 13:39:45.025 DEBUG processModel 4116 0016db50-e7c4-8000-a73e-010000010000 Processing reference: ProcessVariable[name=coUser,it=4,v=]
2016-02-03 13:39:45.025 DEBUG processModel 4116 0016db50-e7c4-8000-a73e-010000010000 Processing reference: ProcessVariable[name=errorsFromPegasys,it=7581,v=<null>]
2016-02-03 13:39:45.025 DEBUG processModel 4116 0016db50-e7c4-8000-a73e-010000010000 Processing reference: ProcessVariable[name=pegTransferData,it=7576,v=<null>]
2016-02-03 13:39:45.026 DEBUG processModel 4116 0016db50-e7c4-8000-a73e-010000010000 Processing reference: ProcessVariable[name=successFlagFromPegasys,it=26,v=<null>]
2016-02-03 13:39:45.026 DEBUG processModel 4116 0016db50-e7c4-8000-a73e-010000010000 Processing reference: com.appiancorp.suiteapi.process.ProcessRoleMap@77d70af7[
  Role[name=ADMIN_OWNER,groupIds=[9]]
  Role[name=EDITOR]
  Role[name=EXPLICIT_NONMEMBER]
  Role[name=VIEWER]
  Role[name=MANAGER]
  Role[name=INITIATOR]
]
2016-02-03 13:39:45.026 DEBUG processModel 4116 0016db50-e7c4-8000-a73e-010000010000 Processing reference: Role[name=ADMIN_OWNER,groupIds=[9]]
2016-02-03 13:39:45.028 DEBUG processModel 4116 0016db50-e7c4-8000-a73e-010000010000 Processing reference: Role[name=EDITOR]
2016-02-03 13:39:45.028 DEBUG processModel 4116 0016db50-e7c4-8000-a73e-010000010000 Processing reference: Role[name=EXPLICIT_NONMEMBER]
2016-02-03 13:39:45.028 DEBUG processModel 4116 0016db50-e7c4-8000-a73e-010000010000 Processing reference: Role[name=VIEWER]
2016-02-03 13:39:45.028 DEBUG processModel 4116 0016db50-e7c4-8000-a73e-010000010000 Processing reference: Role[name=MANAGER]
2016-02-03 13:39:45.028 DEBUG processModel 4116 0016db50-e7c4-8000-a73e-010000010000 Processing reference: Role[name=INITIATOR]
2016-02-03 13:39:45.076 DEBUG processModel 4116 0016db50-e7c4-8000-a73e-010000010000 Exporting binary resources.
2016-02-03 13:39:45.076 DEBUG processModel 4116 0016db50-e7c4-8000-a73e-010000010000 Serializing object to XML.
2016-02-03 13:39:45.113 DEBUG processModel 4116 0016db50-e7c4-8000-a73e-010000010000 Object transported.
2016-02-03 13:39:45.113 DEBUG processModel 4129 0003daf3-2f3e-8000-a73e-010000010000 Begin transport.
2016-02-03 13:39:45.113 DEBUG processModel 4129 0003daf3-2f3e-8000-a73e-010000010000 Retrieving object data.
2016-02-03 13:39:45.154 DEBUG processModel 4129 0003daf3-2f3e-8000-a73e-010000010000 Setting uuids of object references.
2016-02-03 13:39:45.154 DEBUG processModel 4129 0003daf3-2f3e-8000-a73e-010000010000 Processing reference: ProcessModelHaul.folderId
2016-02-03 13:39:45.155 DEBUG processModel 4129 0003daf3-2f3e-8000-a73e-010000010000 Processing reference: ProcessModelHaul.modelDashboardPageId
2016-02-03 13:39:45.155 DEBUG processModel 4129 0003daf3-2f3e-8000-a73e-010000010000 Processing reference: ProcessModelHaul.processDashboardPageId
2016-02-03 13:39:45.155 DEBUG processModel 4129 0003daf3-2f3e-8000-a73e-010000010000 Processing reference: ProcessModel.emailAttachmentFolderId
2016-02-03 13:39:45.159 DEBUG processModel 4129 0003daf3-2f3e-8000-a73e-010000010000 Processing reference: ActivityClassParameter[name=pmID,it=23,v=<null>]
2016-02-03 13:39:45.16 DEBUG processModel 4129 0003daf3-2f3e-8000-a73e-010000010000 Processing reference: ActivityClassParameter[name=inMap,it=111,v={}]
2016-02-03 13:39:45.16 DEBUG processModel 4129 0003daf3-2f3e-8000-a73e-010000010000 Processing reference: ActivityClassParameter[name=procInheritsPriority,it=1,v=1]
2016-02-03 13:39:45.16 DEBUG processModel 4129 0003daf3-2f3e-8000-a73e-010000010000 Processing reference: ActivityClassParameter[name=pmUUID,it=3,v=]
2016-02-03 13:39:45.16 DEBUG processModel 4129 0003daf3-2f3e-8000-a73e-010000010000 Processing reference: ActivityClassParameter[name=isAsynchronous,it=26,v=1]
2016-02-03 13:39:45.16 DEBUG processModel 4129 0003daf3-2f3e-8000-a73e-010000010000 Processing reference: ActivityClassParameter[name=isTransparent,it=26,v=1]
2016-02-03 13:39:45.16 DEBUG processModel 4129 0003daf3-2f3e-8000-a73e-010000010000 Processing reference: ActivityClassParameter[name=inheritSecurity,it=26,v=0]
2016-02-03 13:39:45.161 DEBUG processModel 4129 0003daf3-2f3e-8000-a73e-010000010000 Processing reference: ActivityClassParameter[name=DatabaseDatabase,it=3,v=]
2016-02-03 13:39:45.161 DEBUG processModel 4129 0003daf3-2f3e-8000-a73e-010000010000 Processing reference: ActivityClassParameter[name=DatabaseHost,it=3,v=]
2016-02-03 13:39:45.161 DEBUG processModel 4129 0003daf3-2f3e-8000-a73e-010000010000 Processing reference: ActivityClassParameter[name=DatabasePassword,it=3,v=]
2016-02-03 13:39:45.161 DEBUG processModel 4129 0003daf3-2f3e-8000-a73e-010000010000 Processing reference: ActivityClassParameter[name=DatabasePort,it=3,v=]
2016-02-03 13:39:45.161 DEBUG processModel 4129 0003daf3-2f3e-8000-a73e-010000010000 Processing reference: ActivityClassParameter[name=DatabaseUsername,it=3,v=]
2016-02-03 13:39:45.161 DEBUG processModel 4129 0003daf3-2f3e-8000-a73e-010000010000 Processing reference: ActivityClassParameter[name=FundsList,it=103,v=<null>]
2016-02-03 13:39:45.162 DEBUG processModel 4129 0003daf3-2f3e-8000-a73e-010000010000 Processing reference: ActivityClassParameter[name=WsdlPassword,it=3,v=]
2016-02-03 13:39:45.162 DEBUG processModel 4129 0003daf3-2f3e-8000-a73e-010000010000 Processing reference: ActivityClassParameter[name=WsdlUrl,it=3,v=]
2016-02-03 13:39:45.162 DEBUG processModel 4129 0003daf3-2f3e-8000-a73e-010000010000 Processing reference: ActivityClassParameter[name=WsdlUsername,it=3,v=]
2016-02-03 13:39:45.162 DEBUG processModel 4129 0003daf3-2f3e-8000-a73e-010000010000 Processing reference: ActivityClassParameter[name=error,it=26,v=<null>]
2016-02-03 13:39:45.162 DEBUG processModel 4129 0003daf3-2f3e-8000-a73e-010000010000 Processing reference: ActivityClassParameter[name=updateDate,it=7,v=<null>]
2016-02-03 13:39:45.162 DEBUG processModel 4129 0003daf3-2f3e-8000-a73e-010000010000 Processing reference: ProcessVariable[name=error,it=26,v=<null>]
2016-02-03 13:39:45.162 DEBUG processModel 4129 0003daf3-2f3e-8000-a73e-010000010000 Processing reference: ProcessVariable[name=fundList,it=103,v={}]
2016-02-03 13:39:45.163 DEBUG processModel 4129 0003daf3-2f3e-8000-a73e-010000010000 Processing reference: com.appiancorp.suiteapi.process.ProcessRoleMap@1b5157b6[
  Role[name=ADMIN_OWNER,groupIds=[9]]
  Role[name=EDITOR]
  Role[name=EXPLICIT_NONMEMBER]
  Role[name=VIEWER,groupIds=[20]]
  Role[name=MANAGER]
  Role[name=INITIATOR]
]
2016-02-03 13:39:45.163 DEBUG processModel 4129 0003daf3-2f3e-8000-a73e-010000010000 Processing reference: Role[name=ADMIN_OWNER,groupIds=[9]]
2016-02-03 13:39:45.164 DEBUG processModel 4129 0003daf3-2f3e-8000-a73e-010000010000 Processing reference: Role[name=EDITOR]
2016-02-03 13:39:45.164 DEBUG processModel 4129 0003daf3-2f3e-8000-a73e-010000010000 Processing reference: Role[name=EXPLICIT_NONMEMBER]
2016-02-03 13:39:45.164 DEBUG processModel 4129 0003daf3-2f3e-8000-a73e-010000010000 Processing reference: Role[name=VIEWER,groupIds=[20]]
2016-02-03 13:39:45.165 DEBUG processModel 4129 0003daf3-2f3e-8000-a73e-010000010000 Processing reference: Role[name=MANAGER]
2016-02-03 13:39:45.165 DEBUG processModel 4129 0003daf3-2f3e-8000-a73e-010000010000 Processing reference: Role[name=INITIATOR]
2016-02-03 13:39:45.182 DEBUG processModel 4129 0003daf3-2f3e-8000-a73e-010000010000 Exporting binary resources.
2016-02-03 13:39:45.182 DEBUG processModel 4129 0003daf3-2f3e-8000-a73e-010000010000 Serializing object to XML.
2016-02-03 13:39:45.193 DEBUG processModel 4129 0003daf3-2f3e-8000-a73e-010000010000 Object transported.
2016-02-03 13:39:45.193 DEBUG processModel 4133 0004db46-49ef-8000-a73e-010000010000 Begin transport.
2016-02-03 13:39:45.193 DEBUG processModel 4133 0004db46-49ef-8000-a73e-010000010000 Retrieving object data.
2016-02-03 13:39:45.23 DEBUG processModel 4133 0004db46-49ef-8000-a73e-010000010000 Setting uuids of object references.
2016-02-03 13:39:45.23 DEBUG processModel 4133 0004db46-49ef-8000-a73e-010000010000 Processing reference: ProcessModelHaul.folderId
2016-02-03 13:39:45.231 DEBUG processModel 4133 0004db46-49ef-8000-a73e-010000010000 Processing reference: ProcessModelHaul.modelDashboardPageId
2016-02-03 13:39:45.231 DEBUG processModel 4133 0004db46-49ef-8000-a73e-010000010000 Processing reference: ProcessModelHaul.processDashboardPageId
2016-02-03 13:39:45.231 DEBUG processModel 4133 0004db46-49ef-8000-a73e-010000010000 Processing reference: ProcessModel.emailAttachmentFolderId
2016-02-03 13:39:45.235 DEBUG processModel 4133 0004db46-49ef-8000-a73e-010000010000 Processing reference: ActivityClassParameter[name=pmID,it=23,v=<null>]
2016-02-03 13:39:45.235 DEBUG processModel 4133 0004db46-49ef-8000-a73e-010000010000 Processing reference: ActivityClassParameter[name=inMap,it=111,v={}]
2016-02-03 13:39:45.235 DEBUG processModel 4133 0004db46-49ef-8000-a73e-010000010000 Processing reference: ActivityClassParameter[name=procInheritsPriority,it=1,v=1]
2016-02-03 13:39:45.235 DEBUG processModel 4133 0004db46-49ef-8000-a73e-010000010000 Processing reference: ActivityClassParameter[name=pmUUID,it=3,v=]
2016-02-03 13:39:45.235 DEBUG processModel 4133 0004db46-49ef-8000-a73e-010000010000 Processing reference: ActivityClassParameter[name=isAsynchronous,it=26,v=1]
2016-02-03 13:39:45.235 DEBUG processModel 4133 0004db46-49ef-8000-a73e-010000010000 Processing reference: ActivityClassParameter[name=isTransparent,it=26,v=1]
2016-02-03 13:39:45.235 DEBUG processModel 4133 0004db46-49ef-8000-a73e-010000010000 Processing reference: ActivityClassParameter[name=inheritSecurity,it=26,v=0]
2016-02-03 13:39:45.235 DEBUG processModel 4133 0004db46-49ef-8000-a73e-010000010000 Processing reference: ActivityClassParameter[name=DatabaseDatabase,it=3,v=]
2016-02-03 13:39:45.236 DEBUG processModel 4133 0004db46-49ef-8000-a73e-010000010000 Processing reference: ActivityClassParameter[name=DatabaseHost,it=3,v=]
2016-02-03 13:39:45.236 DEBUG processModel 4133 0004db46-49ef-8000-a73e-010000010000 Processing reference: ActivityClassParameter[name=DatabasePassword,it=3,v=]
2016-02-03 13:39:45.236 DEBUG processModel 4133 0004db46-49ef-8000-a73e-010000010000 Processing reference: ActivityClassParameter[name=DatabasePort,it=3,v=]
2016-02-03 13:39:45.236 DEBUG processModel 4133 0004db46-49ef-8000-a73e-010000010000 Processing reference: ActivityClassParameter[name=DatabaseUsername,it=3,v=]
2016-02-03 13:39:45.236 DEBUG processModel 4133 0004db46-49ef-8000-a73e-010000010000 Processing reference: ActivityClassParameter[name=WsdlPassword,it=3,v=]
2016-02-03 13:39:45.236 DEBUG processModel 4133 0004db46-49ef-8000-a73e-010000010000 Processing reference: ActivityClassParameter[name=WsdlUrl,it=3,v=]
2016-02-03 13:39:45.236 DEBUG processModel 4133 0004db46-49ef-8000-a73e-010000010000 Processing reference: ActivityClassParameter[name=WsdlUsername,it=3,v=]
2016-02-03 13:39:45.236 DEBUG processModel 4133 0004db46-49ef-8000-a73e-010000010000 Processing reference: ActivityClassParameter[name=error,it=26,v=<null>]
2016-02-03 13:39:45.236 DEBUG processModel 4133 0004db46-49ef-8000-a73e-010000010000 Processing reference: ActivityClassParameter[name=updateDate,it=7,v=<null>]
2016-02-03 13:39:45.236 DEBUG processModel 4133 0004db46-49ef-8000-a73e-010000010000 Processing reference: ProcessVariable[name=error,it=26,v=<null>]
2016-02-03 13:39:45.237 DEBUG processModel 4133 0004db46-49ef-8000-a73e-010000010000 Processing reference: com.appiancorp.suiteapi.process.ProcessRoleMap@7eb09d8e[
  Role[name=ADMIN_OWNER]
  Role[name=EDITOR]
  Role[name=EXPLICIT_NONMEMBER]
  Role[name=VIEWER]
  Role[name=MANAGER]
  Role[name=INITIATOR]
]
2016-02-03 13:39:45.237 DEBUG processModel 4133 0004db46-49ef-8000-a73e-010000010000 Processing reference: Role[name=ADMIN_OWNER]
2016-02-03 13:39:45.237 DEBUG processModel 4133 0004db46-49ef-8000-a73e-010000010000 Processing reference: Role[name=EDITOR]
2016-02-03 13:39:45.237 DEBUG processModel 4133 0004db46-49ef-8000-a73e-010000010000 Processing reference: Role[name=EXPLICIT_NONMEMBER]
2016-02-03 13:39:45.237 DEBUG processModel 4133 0004db46-49ef-8000-a73e-010000010000 Processing reference: Role[name=VIEWER]
2016-02-03 13:39:45.237 DEBUG processModel 4133 0004db46-49ef-8000-a73e-010000010000 Processing reference: Role[name=MANAGER]
2016-02-03 13:39:45.237 DEBUG processModel 4133 0004db46-49ef-8000-a73e-010000010000 Processing reference: Role[name=INITIATOR]
2016-02-03 13:39:45.253 DEBUG processModel 4133 0004db46-49ef-8000-a73e-010000010000 Exporting binary resources.
2016-02-03 13:39:45.253 DEBUG processModel 4133 0004db46-49ef-8000-a73e-010000010000 Serializing object to XML.
2016-02-03 13:39:45.263 DEBUG processModel 4133 0004db46-49ef-8000-a73e-010000010000 Object transported.
2016-02-03 13:39:45.263 DEBUG processModel 4134 0005db46-49cd-8000-a73e-010000010000 Begin transport.
2016-02-03 13:39:45.263 DEBUG processModel 4134 0005db46-49cd-8000-a73e-010000010000 Retrieving object data.
2016-02-03 13:39:45.3 DEBUG processModel 4134 0005db46-49cd-8000-a73e-010000010000 Setting uuids of object references.
2016-02-03 13:39:45.3 DEBUG processModel 4134 0005db46-49cd-8000-a73e-010000010000 Processing reference: ProcessModelHaul.folderId
2016-02-03 13:39:45.301 DEBUG processModel 4134 0005db46-49cd-8000-a73e-010000010000 Processing reference: ProcessModelHaul.modelDashboardPageId
2016-02-03 13:39:45.301 DEBUG processModel 4134 0005db46-49cd-8000-a73e-010000010000 Processing reference: ProcessModelHaul.processDashboardPageId
2016-02-03 13:39:45.301 DEBUG processModel 4134 0005db46-49cd-8000-a73e-010000010000 Processing reference: ProcessModel.emailAttachmentFolderId
2016-02-03 13:39:45.305 DEBUG processModel 4134 0005db46-49cd-8000-a73e-010000010000 Processing reference: ActivityClassParameter[name=pmID,it=23,v=<null>]
2016-02-03 13:39:45.305 DEBUG processModel 4134 0005db46-49cd-8000-a73e-010000010000 Processing reference: ActivityClassParameter[name=inMap,it=111,v={}]
2016-02-03 13:39:45.305 DEBUG processModel 4134 0005db46-49cd-8000-a73e-010000010000 Processing reference: ActivityClassParameter[name=procInheritsPriority,it=1,v=1]
2016-02-03 13:39:45.306 DEBUG processModel 4134 0005db46-49cd-8000-a73e-010000010000 Processing reference: ActivityClassParameter[name=pmUUID,it=3,v=]
2016-02-03 13:39:45.306 DEBUG processModel 4134 0005db46-49cd-8000-a73e-010000010000 Processing reference: ActivityClassParameter[name=isAsynchronous,it=26,v=1]
2016-02-03 13:39:45.306 DEBUG processModel 4134 0005db46-49cd-8000-a73e-010000010000 Processing reference: ActivityClassParameter[name=isTransparent,it=26,v=1]
2016-02-03 13:39:45.306 DEBUG processModel 4134 0005db46-49cd-8000-a73e-010000010000 Processing reference: ActivityClassParameter[name=inheritSecurity,it=26,v=0]
2016-02-03 13:39:45.306 DEBUG processModel 4134 0005db46-49cd-8000-a73e-010000010000 Processing reference: ActivityClassParameter[name=DatabaseDatabase,it=3,v=]
2016-02-03 13:39:45.306 DEBUG processModel 4134 0005db46-49cd-8000-a73e-010000010000 Processing reference: ActivityClassParameter[name=DatabaseHost,it=3,v=]
2016-02-03 13:39:45.306 DEBUG processModel 4134 0005db46-49cd-8000-a73e-010000010000 Processing reference: ActivityClassParameter[name=DatabasePassword,it=3,v=]
2016-02-03 13:39:45.307 DEBUG processModel 4134 0005db46-49cd-8000-a73e-010000010000 Processing reference: ActivityClassParameter[name=DatabasePort,it=3,v=]
2016-02-03 13:39:45.307 DEBUG processModel 4134 0005db46-49cd-8000-a73e-010000010000 Processing reference: ActivityClassParameter[name=DatabaseUsername,it=3,v=]
2016-02-03 13:39:45.307 DEBUG processModel 4134 0005db46-49cd-8000-a73e-010000010000 Processing reference: ActivityClassParameter[name=WsdlPassword,it=3,v=]
2016-02-03 13:39:45.307 DEBUG processModel 4134 0005db46-49cd-8000-a73e-010000010000 Processing reference: ActivityClassParameter[name=WsdlUrl,it=3,v=]
2016-02-03 13:39:45.307 DEBUG processModel 4134 0005db46-49cd-8000-a73e-010000010000 Processing reference: ActivityClassParameter[name=WsdlUsername,it=3,v=]
2016-02-03 13:39:45.307 DEBUG processModel 4134 0005db46-49cd-8000-a73e-010000010000 Processing reference: ActivityClassParameter[name=error,it=26,v=<null>]
2016-02-03 13:39:45.307 DEBUG processModel 4134 0005db46-49cd-8000-a73e-010000010000 Processing reference: ActivityClassParameter[name=updateDate,it=7,v=<null>]
2016-02-03 13:39:45.307 DEBUG processModel 4134 0005db46-49cd-8000-a73e-010000010000 Processing reference: ProcessVariable[name=error,it=26,v=<null>]
2016-02-03 13:39:45.307 DEBUG processModel 4134 0005db46-49cd-8000-a73e-010000010000 Processing reference: com.appiancorp.suiteapi.process.ProcessRoleMap@4d3cc6b9[
  Role[name=ADMIN_OWNER]
  Role[name=EDITOR]
  Role[name=EXPLICIT_NONMEMBER]
  Role[name=VIEWER]
  Role[name=MANAGER]
  Role[name=INITIATOR]
]
2016-02-03 13:39:45.307 DEBUG processModel 4134 0005db46-49cd-8000-a73e-010000010000 Processing reference: Role[name=ADMIN_OWNER]
2016-02-03 13:39:45.308 DEBUG processModel 4134 0005db46-49cd-8000-a73e-010000010000 Processing reference: Role[name=EDITOR]
2016-02-03 13:39:45.308 DEBUG processModel 4134 0005db46-49cd-8000-a73e-010000010000 Processing reference: Role[name=EXPLICIT_NONMEMBER]
2016-02-03 13:39:45.308 DEBUG processModel 4134 0005db46-49cd-8000-a73e-010000010000 Processing reference: Role[name=VIEWER]
2016-02-03 13:39:45.308 DEBUG processModel 4134 0005db46-49cd-8000-a73e-010000010000 Processing reference: Role[name=MANAGER]
2016-02-03 13:39:45.308 DEBUG processModel 4134 0005db46-49cd-8000-a73e-010000010000 Processing reference: Role[name=INITIATOR]
2016-02-03 13:39:45.324 DEBUG processModel 4134 0005db46-49cd-8000-a73e-010000010000 Exporting binary resources.
2016-02-03 13:39:45.324 DEBUG processModel 4134 0005db46-49cd-8000-a73e-010000010000 Serializing object to XML.
2016-02-03 13:39:45.334 DEBUG processModel 4134 0005db46-49cd-8000-a73e-010000010000 Object transported.
2016-02-03 13:39:45.335 DEBUG processModel 4131 0003daf2-2f05-8000-a73e-010000010000 Begin transport.
2016-02-03 13:39:45.335 DEBUG processModel 4131 0003daf2-2f05-8000-a73e-010000010000 Retrieving object data.
2016-02-03 13:39:45.375 DEBUG processModel 4131 0003daf2-2f05-8000-a73e-010000010000 Setting uuids of object references.
2016-02-03 13:39:45.375 DEBUG processModel 4131 0003daf2-2f05-8000-a73e-010000010000 Processing reference: ProcessModelHaul.folderId
2016-02-03 13:39:45.376 DEBUG processModel 4131 0003daf2-2f05-8000-a73e-010000010000 Processing reference: ProcessModelHaul.modelDashboardPageId
2016-02-03 13:39:45.376 DEBUG processModel 4131 0003daf2-2f05-8000-a73e-010000010000 Processing reference: ProcessModelHaul.processDashboardPageId
2016-02-03 13:39:45.376 DEBUG processModel 4131 0003daf2-2f05-8000-a73e-010000010000 Processing reference: ProcessModel.emailAttachmentFolderId
2016-02-03 13:39:45.38 DEBUG processModel 4131 0003daf2-2f05-8000-a73e-010000010000 Processing reference: ActivityClassParameter[name=pmID,it=23,v=<null>]
2016-02-03 13:39:45.38 DEBUG processModel 4131 0003daf2-2f05-8000-a73e-010000010000 Processing reference: ActivityClassParameter[name=inMap,it=111,v={}]
2016-02-03 13:39:45.381 DEBUG processModel 4131 0003daf2-2f05-8000-a73e-010000010000 Processing reference: ActivityClassParameter[name=procInheritsPriority,it=1,v=1]
2016-02-03 13:39:45.381 DEBUG processModel 4131 0003daf2-2f05-8000-a73e-010000010000 Processing reference: ActivityClassParameter[name=pmUUID,it=3,v=]
2016-02-03 13:39:45.381 DEBUG processModel 4131 0003daf2-2f05-8000-a73e-010000010000 Processing reference: ActivityClassParameter[name=isAsynchronous,it=26,v=1]
2016-02-03 13:39:45.381 DEBUG processModel 4131 0003daf2-2f05-8000-a73e-010000010000 Processing reference: ActivityClassParameter[name=isTransparent,it=26,v=1]
2016-02-03 13:39:45.381 DEBUG processModel 4131 0003daf2-2f05-8000-a73e-010000010000 Processing reference: ActivityClassParameter[name=inheritSecurity,it=26,v=0]
2016-02-03 13:39:45.381 DEBUG processModel 4131 0003daf2-2f05-8000-a73e-010000010000 Processing reference: ActivityClassParameter[name=DatabaseDatabase,it=3,v=]
2016-02-03 13:39:45.382 DEBUG processModel 4131 0003daf2-2f05-8000-a73e-010000010000 Processing reference: ActivityClassParameter[name=DatabaseHost,it=3,v=]
2016-02-03 13:39:45.382 DEBUG processModel 4131 0003daf2-2f05-8000-a73e-010000010000 Processing reference: ActivityClassParameter[name=DatabasePassword,it=3,v=]
2016-02-03 13:39:45.382 DEBUG processModel 4131 0003daf2-2f05-8000-a73e-010000010000 Processing reference: ActivityClassParameter[name=DatabasePort,it=3,v=]
2016-02-03 13:39:45.382 DEBUG processModel 4131 0003daf2-2f05-8000-a73e-010000010000 Processing reference: ActivityClassParameter[name=DatabaseUsername,it=3,v=]
2016-02-03 13:39:45.382 DEBUG processModel 4131 0003daf2-2f05-8000-a73e-010000010000 Processing reference: ActivityClassParameter[name=Division,it=3,v=]
2016-02-03 13:39:45.382 DEBUG processModel 4131 0003daf2-2f05-8000-a73e-010000010000 Processing reference: ActivityClassParameter[name=FiscalYearList,it=101,v=<null>]
2016-02-03 13:39:45.382 DEBUG processModel 4131 0003daf2-2f05-8000-a73e-010000010000 Processing reference: ActivityClassParameter[name=FundsList,it=103,v=<null>]
2016-02-03 13:39:45.382 DEBUG processModel 4131 0003daf2-2f05-8000-a73e-010000010000 Processing reference: ActivityClassParameter[name=Organiziation,it=3,v=]
2016-02-03 13:39:45.383 DEBUG processModel 4131 0003daf2-2f05-8000-a73e-010000010000 Processing reference: ActivityClassParameter[name=Program,it=3,v=]
2016-02-03 13:39:45.383 DEBUG processModel 4131 0003daf2-2f05-8000-a73e-010000010000 Processing reference: ActivityClassParameter[name=WsdlPassword,it=3,v=]
2016-02-03 13:39:45.383 DEBUG processModel 4131 0003daf2-2f05-8000-a73e-010000010000 Processing reference: ActivityClassParameter[name=WsdlUrl,it=3,v=]
2016-02-03 13:39:45.383 DEBUG processModel 4131 0003daf2-2f05-8000-a73e-010000010000 Processing reference: ActivityClassParameter[name=WsdlUsername,it=3,v=]
2016-02-03 13:39:45.383 DEBUG processModel 4131 0003daf2-2f05-8000-a73e-010000010000 Processing reference: ActivityClassParameter[name=error,it=26,v=<null>]
2016-02-03 13:39:45.383 DEBUG processModel 4131 0003daf2-2f05-8000-a73e-010000010000 Processing reference: ActivityClassParameter[name=updateDate,it=7,v=<null>]
2016-02-03 13:39:45.383 DEBUG processModel 4131 0003daf2-2f05-8000-a73e-010000010000 Processing reference: ProcessVariable[name=error,it=26,v=<null>]
2016-02-03 13:39:45.383 DEBUG processModel 4131 0003daf2-2f05-8000-a73e-010000010000 Processing reference: com.appiancorp.suiteapi.process.ProcessRoleMap@54166d[
  Role[name=ADMIN_OWNER,groupIds=[9]]
  Role[name=EDITOR]
  Role[name=EXPLICIT_NONMEMBER]
  Role[name=VIEWER,groupIds=[20]]
  Role[name=MANAGER]
  Role[name=INITIATOR]
]
2016-02-03 13:39:45.383 DEBUG processModel 4131 0003daf2-2f05-8000-a73e-010000010000 Processing reference: Role[name=ADMIN_OWNER,groupIds=[9]]
2016-02-03 13:39:45.385 DEBUG processModel 4131 0003daf2-2f05-8000-a73e-010000010000 Processing reference: Role[name=EDITOR]
2016-02-03 13:39:45.385 DEBUG processModel 4131 0003daf2-2f05-8000-a73e-010000010000 Processing reference: Role[name=EXPLICIT_NONMEMBER]
2016-02-03 13:39:45.385 DEBUG processModel 4131 0003daf2-2f05-8000-a73e-010000010000 Processing reference: Role[name=VIEWER,groupIds=[20]]
2016-02-03 13:39:45.385 DEBUG processModel 4131 0003daf2-2f05-8000-a73e-010000010000 Processing reference: Role[name=MANAGER]
2016-02-03 13:39:45.385 DEBUG processModel 4131 0003daf2-2f05-8000-a73e-010000010000 Processing reference: Role[name=INITIATOR]
2016-02-03 13:39:45.401 DEBUG processModel 4131 0003daf2-2f05-8000-a73e-010000010000 Exporting binary resources.
2016-02-03 13:39:45.401 DEBUG processModel 4131 0003daf2-2f05-8000-a73e-010000010000 Serializing object to XML.
2016-02-03 13:39:45.413 DEBUG processModel 4131 0003daf2-2f05-8000-a73e-010000010000 Object transported.
2016-02-03 13:39:45.413 DEBUG processModel 4121 0005db3c-f41d-8000-a73e-010000010000 Begin transport.
2016-02-03 13:39:45.413 DEBUG processModel 4121 0005db3c-f41d-8000-a73e-010000010000 Retrieving object data.
2016-02-03 13:39:45.713 DEBUG processModel 4121 0005db3c-f41d-8000-a73e-010000010000 Setting uuids of object references.
2016-02-03 13:39:45.713 DEBUG processModel 4121 0005db3c-f41d-8000-a73e-010000010000 Processing reference: ProcessModelHaul.folderId
2016-02-03 13:39:45.714 DEBUG processModel 4121 0005db3c-f41d-8000-a73e-010000010000 Processing reference: ProcessModelHaul.modelDashboardPageId
2016-02-03 13:39:45.714 DEBUG processModel 4121 0005db3c-f41d-8000-a73e-010000010000 Processing reference: ProcessModelHaul.processDashboardPageId
2016-02-03 13:39:45.714 DEBUG processModel 4121 0005db3c-f41d-8000-a73e-010000010000 Processing reference: ProcessModel.emailAttachmentFolderId
2016-02-03 13:39:45.717 DEBUG processModel 4121 0005db3c-f41d-8000-a73e-010000010000 Processing reference: FormElement[label=Question1]
2016-02-03 13:39:45.718 DEBUG processModel 4121 0005db3c-f41d-8000-a73e-010000010000 Processing reference: ActivityClassParameter[name=pmID,it=23,v=<null>]
2016-02-03 13:39:45.718 DEBUG processModel 4121 0005db3c-f41d-8000-a73e-010000010000 Processing reference: ActivityClassParameter[name=inMap,it=111,v={}]
2016-02-03 13:39:45.718 DEBUG processModel 4121 0005db3c-f41d-8000-a73e-010000010000 Processing reference: ActivityClassParameter[name=procInheritsPriority,it=1,v=1]
2016-02-03 13:39:45.718 DEBUG processModel 4121 0005db3c-f41d-8000-a73e-010000010000 Processing reference: ActivityClassParameter[name=pmUUID,it=3,v=]
2016-02-03 13:39:45.718 DEBUG processModel 4121 0005db3c-f41d-8000-a73e-010000010000 Processing reference: ActivityClassParameter[name=isAsynchronous,it=26,v=1]
2016-02-03 13:39:45.719 DEBUG processModel 4121 0005db3c-f41d-8000-a73e-010000010000 Processing reference: ActivityClassParameter[name=isTransparent,it=26,v=1]
2016-02-03 13:39:45.719 DEBUG processModel 4121 0005db3c-f41d-8000-a73e-010000010000 Processing reference: ActivityClassParameter[name=inheritSecurity,it=26,v=0]
2016-02-03 13:39:45.719 DEBUG processModel 4121 0005db3c-f41d-8000-a73e-010000010000 Processing reference: ActivityClassParameter[name=pmID,it=23,v=<null>]
2016-02-03 13:39:45.719 DEBUG processModel 4121 0005db3c-f41d-8000-a73e-010000010000 Processing reference: ActivityClassParameter[name=inMap,it=111,v={}]
2016-02-03 13:39:45.719 DEBUG processModel 4121 0005db3c-f41d-8000-a73e-010000010000 Processing reference: ActivityClassParameter[name=procInheritsPriority,it=1,v=1]
2016-02-03 13:39:45.719 DEBUG processModel 4121 0005db3c-f41d-8000-a73e-010000010000 Processing reference: ActivityClassParameter[name=pmUUID,it=3,v=]
2016-02-03 13:39:45.72 DEBUG processModel 4121 0005db3c-f41d-8000-a73e-010000010000 Processing reference: ActivityClassParameter[name=isAsynchronous,it=26,v=1]
2016-02-03 13:39:45.72 DEBUG processModel 4121 0005db3c-f41d-8000-a73e-010000010000 Processing reference: ActivityClassParameter[name=isTransparent,it=26,v=1]
2016-02-03 13:39:45.72 DEBUG processModel 4121 0005db3c-f41d-8000-a73e-010000010000 Processing reference: ActivityClassParameter[name=inheritSecurity,it=26,v=0]
2016-02-03 13:39:45.72 DEBUG processModel 4121 0005db3c-f41d-8000-a73e-010000010000 Processing reference: ActivityClassParameter[name=prObj,it=7848,v=<null>]
2016-02-03 13:39:45.721 DEBUG processModel 4121 0005db3c-f41d-8000-a73e-010000010000 Processing reference: ActivityClassParameter[name=DataStoreEntity,it=81,v=2693654d-df5c-450c-8d9f-257d6106cddb@1897]
2016-02-03 13:39:45.727 DEBUG processModel 4121 0005db3c-f41d-8000-a73e-010000010000 Processing reference: ActivityClassParameter[name=StoredValues,it=197,v=<null>]
2016-02-03 13:39:45.727 DEBUG processModel 4121 0005db3c-f41d-8000-a73e-010000010000 Processing reference: ActivityClassParameter[name=prObj,it=7848,v=<null>]
2016-02-03 13:39:45.728 DEBUG processModel 4121 0005db3c-f41d-8000-a73e-010000010000 Processing reference: ActivityClassParameter[name=DataStoreEntity,it=81,v=2693654d-df5c-450c-8d9f-257d6106cddb@1897]
2016-02-03 13:39:45.73 DEBUG processModel 4121 0005db3c-f41d-8000-a73e-010000010000 Processing reference: ActivityClassParameter[name=StoredValues,it=197,v=<null>]
2016-02-03 13:39:45.73 DEBUG processModel 4121 0005db3c-f41d-8000-a73e-010000010000 Processing reference: ActivityClassParameter[name=defaultNode,it=1,v=3]
2016-02-03 13:39:45.73 DEBUG processModel 4121 0005db3c-f41d-8000-a73e-010000010000 Processing reference: ActivityClassParameter[name=rules,it=111,v={ActivityClassParameter[name=rule,it=11,v={ActivityClassParameter[name=expression,it=26,v=<null>],ActivityClassParameter[name=node,it=1,v=1],ActivityClassParameter[name=label,it=3,v=]}]}]
2016-02-03 13:39:45.73 DEBUG processModel 4121 0005db3c-f41d-8000-a73e-010000010000 Processing reference: ActivityClassParameter[name=fired,it=1,v=0]
2016-02-03 13:39:45.73 DEBUG processModel 4121 0005db3c-f41d-8000-a73e-010000010000 Processing reference: ActivityClassParameter[name=arrivedNodes,it=101,v=<null>]
2016-02-03 13:39:45.731 DEBUG processModel 4121 0005db3c-f41d-8000-a73e-010000010000 Processing reference: ActivityClassParameter[name=defaultNode,it=1,v=9]
2016-02-03 13:39:45.731 DEBUG processModel 4121 0005db3c-f41d-8000-a73e-010000010000 Processing reference: ActivityClassParameter[name=rules,it=111,v={ActivityClassParameter[name=rule,it=11,v={ActivityClassParameter[name=expression,it=26,v=<null>],ActivityClassParameter[name=node,it=1,v=16],ActivityClassParameter[name=label,it=3,v=Yes]}]}]
2016-02-03 13:39:45.731 DEBUG processModel 4121 0005db3c-f41d-8000-a73e-010000010000 Processing reference: ActivityClassParameter[name=fired,it=1,v=0]
2016-02-03 13:39:45.732 DEBUG processModel 4121 0005db3c-f41d-8000-a73e-010000010000 Processing reference: ActivityClassParameter[name=arrivedNodes,it=101,v=<null>]
2016-02-03 13:39:45.732 DEBUG processModel 4121 0005db3c-f41d-8000-a73e-010000010000 Processing reference: ActivityClassParameter[name=prVw,it=6968,v=<null>]
2016-02-03 13:39:45.732 DEBUG processModel 4121 0005db3c-f41d-8000-a73e-010000010000 Processing reference: ActivityClassParameter[name=prObj,it=7848,v=<null>]
2016-02-03 13:39:45.733 DEBUG processModel 4121 0005db3c-f41d-8000-a73e-010000010000 Processing reference: ActivityClassParameter[name=AccountingLine,it=197,v=<null>]
2016-02-03 13:39:45.733 DEBUG processModel 4121 0005db3c-f41d-8000-a73e-010000010000 Processing reference: ActivityClassParameter[name=AssetLine,it=197,v=<null>]
2016-02-03 13:39:45.733 DEBUG processModel 4121 0005db3c-f41d-8000-a73e-010000010000 Processing reference: ActivityClassParameter[name=AssetLineFunding,it=197,v=<null>]
2016-02-03 13:39:45.733 DEBUG processModel 4121 0005db3c-f41d-8000-a73e-010000010000 Processing reference: ActivityClassParameter[name=Errors,it=7581,v=<null>]
2016-02-03 13:39:45.733 DEBUG processModel 4121 0005db3c-f41d-8000-a73e-010000010000 Processing reference: ActivityClassParameter[name=PegasysDocumentHeader,it=97,v=TypedValue[it=97,v=<null>]]
2016-02-03 13:39:45.733 DEBUG processModel 4121 0005db3c-f41d-8000-a73e-010000010000 Processing reference: ActivityClassParameter[name=Success,it=26,v=<null>]
2016-02-03 13:39:45.733 DEBUG processModel 4121 0005db3c-f41d-8000-a73e-010000010000 Processing reference: ActivityClassParameter[name=WSDLPassword,it=3,v=]
2016-02-03 13:39:45.734 DEBUG processModel 4121 0005db3c-f41d-8000-a73e-010000010000 Processing reference: ActivityClassParameter[name=WSDLURL,it=3,v=]
2016-02-03 13:39:45.734 DEBUG processModel 4121 0005db3c-f41d-8000-a73e-010000010000 Processing reference: ActivityClassParameter[name=WSDLUsername,it=3,v=]
2016-02-03 13:39:45.734 DEBUG processModel 4121 0005db3c-f41d-8000-a73e-010000010000 Processing reference: ActivityClassParameter[name=defaultNode,it=1,v=6]
2016-02-03 13:39:45.734 DEBUG processModel 4121 0005db3c-f41d-8000-a73e-010000010000 Processing reference: ActivityClassParameter[name=rules,it=111,v={ActivityClassParameter[name=rule,it=11,v={ActivityClassParameter[name=expression,it=26,v=<null>],ActivityClassParameter[name=node,it=1,v=15],ActivityClassParameter[name=label,it=3,v=Yes , Update Record]}]}]
2016-02-03 13:39:45.735 DEBUG processModel 4121 0005db3c-f41d-8000-a73e-010000010000 Processing reference: ActivityClassParameter[name=fired,it=1,v=0]
2016-02-03 13:39:45.735 DEBUG processModel 4121 0005db3c-f41d-8000-a73e-010000010000 Processing reference: ActivityClassParameter[name=arrivedNodes,it=101,v=<null>]
2016-02-03 13:39:45.735 DEBUG processModel 4121 0005db3c-f41d-8000-a73e-010000010000 Processing reference: ActivityClassParameter[name=defaultNode,it=1,v=22]
2016-02-03 13:39:45.735 DEBUG processModel 4121 0005db3c-f41d-8000-a73e-010000010000 Processing reference: ActivityClassParameter[name=rules,it=111,v={ActivityClassParameter[name=rule,it=11,v={ActivityClassParameter[name=expression,it=26,v=<null>],ActivityClassParameter[name=node,it=1,v=11],ActivityClassParameter[name=label,it=3,v=No]}],ActivityClassParameter[name=rule,it=11,v={ActivityClassParameter[name=expression,it=26,v=<null>],ActivityClassParameter[name=node,it=1,v=23],ActivityClassParameter[name=label,it=3,v=Yes , Do Partial Update]}]}]
2016-02-03 13:39:45.736 DEBUG processModel 4121 0005db3c-f41d-8000-a73e-010000010000 Processing reference: ActivityClassParameter[name=fired,it=1,v=0]
2016-02-03 13:39:45.736 DEBUG processModel 4121 0005db3c-f41d-8000-a73e-010000010000 Processing reference: ActivityClassParameter[name=arrivedNodes,it=101,v=<null>]
2016-02-03 13:39:45.736 DEBUG processModel 4121 0005db3c-f41d-8000-a73e-010000010000 Processing reference: ActivityClassParameter[name=button,it=3,v=]
2016-02-03 13:39:45.736 DEBUG processModel 4121 0005db3c-f41d-8000-a73e-010000010000 Processing reference: FormElement[label=Question1]
2016-02-03 13:39:45.737 DEBUG processModel 4121 0005db3c-f41d-8000-a73e-010000010000 Processing reference: UiExpressionForm.expression
2016-02-03 13:39:45.74 DEBUG processModel 4121 0005db3c-f41d-8000-a73e-010000010000 Processing reference: com.appiancorp.suiteapi.process.Assignment$Assignee@b40f29b
2016-02-03 13:39:45.741 DEBUG processModel 4121 0005db3c-f41d-8000-a73e-010000010000 Processing reference: ActivityClassParameter[name=AccountingLine,it=197,v=<null>]
2016-02-03 13:39:45.741 DEBUG processModel 4121 0005db3c-f41d-8000-a73e-010000010000 Processing reference: ActivityClassParameter[name=AssetLine,it=197,v=<null>]
2016-02-03 13:39:45.741 DEBUG processModel 4121 0005db3c-f41d-8000-a73e-010000010000 Processing reference: ActivityClassParameter[name=AssetLineFunding,it=197,v=<null>]
2016-02-03 13:39:45.741 DEBUG processModel 4121 0005db3c-f41d-8000-a73e-010000010000 Processing reference: ActivityClassParameter[name=Errors,it=7581,v=<null>]
2016-02-03 13:39:45.741 DEBUG processModel 4121 0005db3c-f41d-8000-a73e-010000010000 Processing reference: ActivityClassParameter[name=PegasysDocumentHeader,it=97,v=TypedValue[it=97,v=<null>]]
2016-02-03 13:39:45.741 DEBUG processModel 4121 0005db3c-f41d-8000-a73e-010000010000 Processing reference: ActivityClassParameter[name=Success,it=26,v=<null>]
2016-02-03 13:39:45.741 DEBUG processModel 4121 0005db3c-f41d-8000-a73e-010000010000 Processing reference: ActivityClassParameter[name=WSDLPassword,it=3,v=]
2016-02-03 13:39:45.741 DEBUG processModel 4121 0005db3c-f41d-8000-a73e-010000010000 Processing reference: ActivityClassParameter[name=WSDLURL,it=3,v=]
2016-02-03 13:39:45.742 DEBUG processModel 4121 0005db3c-f41d-8000-a73e-010000010000 Processing reference: ActivityClassParameter[name=WSDLUsername,it=3,v=]
2016-02-03 13:39:45.742 DEBUG processModel 4121 0005db3c-f41d-8000-a73e-010000010000 Processing reference: ActivityClassParameter[name=defaultNode,it=1,v=9]
2016-02-03 13:39:45.742 DEBUG processModel 4121 0005db3c-f41d-8000-a73e-010000010000 Processing reference: ActivityClassParameter[name=rules,it=111,v={ActivityClassParameter[name=rule,it=11,v={ActivityClassParameter[name=expression,it=26,v=<null>],ActivityClassParameter[name=node,it=1,v=5],ActivityClassParameter[name=label,it=3,v=]}]}]
2016-02-03 13:39:45.742 DEBUG processModel 4121 0005db3c-f41d-8000-a73e-010000010000 Processing reference: ActivityClassParameter[name=fired,it=1,v=0]
2016-02-03 13:39:45.742 DEBUG processModel 4121 0005db3c-f41d-8000-a73e-010000010000 Processing reference: ActivityClassParameter[name=arrivedNodes,it=101,v=<null>]
2016-02-03 13:39:45.743 DEBUG processModel 4121 0005db3c-f41d-8000-a73e-010000010000 Processing reference: ActivityClassParameter[name=AccountingLine,it=197,v=<null>]
2016-02-03 13:39:45.743 DEBUG processModel 4121 0005db3c-f41d-8000-a73e-010000010000 Processing reference: ActivityClassParameter[name=AssetLine,it=197,v=<null>]
2016-02-03 13:39:45.743 DEBUG processModel 4121 0005db3c-f41d-8000-a73e-010000010000 Processing reference: ActivityClassParameter[name=AssetLineFunding,it=197,v=<null>]
2016-02-03 13:39:45.743 DEBUG processModel 4121 0005db3c-f41d-8000-a73e-010000010000 Processing reference: ActivityClassParameter[name=Errors,it=7581,v=<null>]
2016-02-03 13:39:45.743 DEBUG processModel 4121 0005db3c-f41d-8000-a73e-010000010000 Processing reference: ActivityClassParameter[name=PegasysDocumentHeader,it=97,v=TypedValue[it=97,v=<null>]]
2016-02-03 13:39:45.744 DEBUG processModel 4121 0005db3c-f41d-8000-a73e-010000010000 Processing reference: ActivityClassParameter[name=Success,it=26,v=<null>]
2016-02-03 13:39:45.744 DEBUG processModel 4121 0005db3c-f41d-8000-a73e-010000010000 Processing reference: ActivityClassParameter[name=WSDLPassword,it=3,v=]
2016-02-03 13:39:45.744 DEBUG processModel 4121 0005db3c-f41d-8000-a73e-010000010000 Processing reference: ActivityClassParameter[name=WSDLURL,it=3,v=]
2016-02-03 13:39:45.744 DEBUG processModel 4121 0005db3c-f41d-8000-a73e-010000010000 Processing reference: ActivityClassParameter[name=WSDLUsername,it=3,v=]
2016-02-03 13:39:45.744 DEBUG processModel 4121 0005db3c-f41d-8000-a73e-010000010000 Processing reference: ActivityClassParameter[name=AccountingLine,it=197,v=<null>]
2016-02-03 13:39:45.745 DEBUG processModel 4121 0005db3c-f41d-8000-a73e-010000010000 Processing reference: ActivityClassParameter[name=AssetLine,it=197,v=<null>]
2016-02-03 13:39:45.745 DEBUG processModel 4121 0005db3c-f41d-8000-a73e-010000010000 Processing reference: ActivityClassParameter[name=AssetLineFunding,it=197,v=<null>]
2016-02-03 13:39:45.745 DEBUG processModel 4121 0005db3c-f41d-8000-a73e-010000010000 Processing reference: ActivityClassParameter[name=Errors,it=7581,v=<null>]
2016-02-03 13:39:45.745 DEBUG processModel 4121 0005db3c-f41d-8000-a73e-010000010000 Processing reference: ActivityClassParameter[name=PegasysDocumentHeader,it=97,v=TypedValue[it=97,v=<null>]]
2016-02-03 13:39:45.745 DEBUG processModel 4121 0005db3c-f41d-8000-a73e-010000010000 Processing reference: ActivityClassParameter[name=Success,it=26,v=<null>]
2016-02-03 13:39:45.745 DEBUG processModel 4121 0005db3c-f41d-8000-a73e-010000010000 Processing reference: ActivityClassParameter[name=WSDLPassword,it=3,v=]
2016-02-03 13:39:45.745 DEBUG processModel 4121 0005db3c-f41d-8000-a73e-010000010000 Processing reference: ActivityClassParameter[name=WSDLURL,it=3,v=]
2016-02-03 13:39:45.746 DEBUG processModel 4121 0005db3c-f41d-8000-a73e-010000010000 Processing reference: ActivityClassParameter[name=WSDLUsername,it=3,v=]
2016-02-03 13:39:45.746 DEBUG processModel 4121 0005db3c-f41d-8000-a73e-010000010000 Processing reference: ProcessVariable[name=btnSelected,it=3,v=]
2016-02-03 13:39:45.747 DEBUG processModel 4121 0005db3c-f41d-8000-a73e-010000010000 Processing reference: ProcessVariable[name=errorsFromPegasys,it=7581,v=<null>]
2016-02-03 13:39:45.747 DEBUG processModel 4121 0005db3c-f41d-8000-a73e-010000010000 Processing reference: ProcessVariable[name=fcoUser,it=4,v=]
2016-02-03 13:39:45.747 DEBUG processModel 4121 0005db3c-f41d-8000-a73e-010000010000 Processing reference: ProcessVariable[name=pegTransferData,it=7576,v=<null>]
2016-02-03 13:39:45.747 DEBUG processModel 4121 0005db3c-f41d-8000-a73e-010000010000 Processing reference: ProcessVariable[name=pegTransferDataForRS,it=7576,v=<null>]
2016-02-03 13:39:45.747 DEBUG processModel 4121 0005db3c-f41d-8000-a73e-010000010000 Processing reference: ProcessVariable[name=prId,it=1,v=0]
2016-02-03 13:39:45.748 DEBUG processModel 4121 0005db3c-f41d-8000-a73e-010000010000 Processing reference: ProcessVariable[name=prObj,it=7848,v=<null>]
2016-02-03 13:39:45.748 DEBUG processModel 4121 0005db3c-f41d-8000-a73e-010000010000 Processing reference: ProcessVariable[name=purchaseRequestVW,it=6968,v=<null>]
2016-02-03 13:39:45.748 DEBUG processModel 4121 0005db3c-f41d-8000-a73e-010000010000 Processing reference: ProcessVariable[name=successFlagFromPegasys,it=26,v=<null>]
2016-02-03 13:39:45.748 DEBUG processModel 4121 0005db3c-f41d-8000-a73e-010000010000 Processing reference: com.appiancorp.suiteapi.process.ProcessRoleMap@11c78c5c[
  Role[name=ADMIN_OWNER]
  Role[name=EDITOR]
  Role[name=EXPLICIT_NONMEMBER]
  Role[name=VIEWER]
  Role[name=MANAGER]
  Role[name=INITIATOR]
]
2016-02-03 13:39:45.748 DEBUG processModel 4121 0005db3c-f41d-8000-a73e-010000010000 Processing reference: Role[name=ADMIN_OWNER]
2016-02-03 13:39:45.748 DEBUG processModel 4121 0005db3c-f41d-8000-a73e-010000010000 Processing reference: Role[name=EDITOR]
2016-02-03 13:39:45.748 DEBUG processModel 4121 0005db3c-f41d-8000-a73e-010000010000 Processing reference: Role[name=EXPLICIT_NONMEMBER]
2016-02-03 13:39:45.748 DEBUG processModel 4121 0005db3c-f41d-8000-a73e-010000010000 Processing reference: Role[name=VIEWER]
2016-02-03 13:39:45.748 DEBUG processModel 4121 0005db3c-f41d-8000-a73e-010000010000 Processing reference: Role[name=MANAGER]
2016-02-03 13:39:45.748 DEBUG processModel 4121 0005db3c-f41d-8000-a73e-010000010000 Processing reference: Role[name=INITIATOR]
2016-02-03 13:39:45.81 DEBUG processModel 4121 0005db3c-f41d-8000-a73e-010000010000 Exporting binary resources.
2016-02-03 13:39:45.81 DEBUG processModel 4121 0005db3c-f41d-8000-a73e-010000010000 Serializing object to XML.
2016-02-03 13:39:45.863 DEBUG processModel 4121 0005db3c-f41d-8000-a73e-010000010000 Object transported.
2016-02-03 13:39:45.863 DEBUG processModel 4132 0003daee-00f9-8000-a73e-010000010000 Begin transport.
2016-02-03 13:39:45.863 DEBUG processModel 4132 0003daee-00f9-8000-a73e-010000010000 Retrieving object data.
2016-02-03 13:39:45.901 DEBUG processModel 4132 0003daee-00f9-8000-a73e-010000010000 Setting uuids of object references.
2016-02-03 13:39:45.901 DEBUG processModel 4132 0003daee-00f9-8000-a73e-010000010000 Processing reference: ProcessModelHaul.folderId
2016-02-03 13:39:45.902 DEBUG processModel 4132 0003daee-00f9-8000-a73e-010000010000 Processing reference: ProcessModelHaul.modelDashboardPageId
2016-02-03 13:39:45.903 DEBUG processModel 4132 0003daee-00f9-8000-a73e-010000010000 Processing reference: ProcessModelHaul.processDashboardPageId
2016-02-03 13:39:45.903 DEBUG processModel 4132 0003daee-00f9-8000-a73e-010000010000 Processing reference: ProcessModel.emailAttachmentFolderId
2016-02-03 13:39:45.906 DEBUG processModel 4132 0003daee-00f9-8000-a73e-010000010000 Processing reference: ActivityClassParameter[name=pmID,it=23,v=<null>]
2016-02-03 13:39:45.907 DEBUG processModel 4132 0003daee-00f9-8000-a73e-010000010000 Processing reference: ActivityClassParameter[name=inMap,it=111,v={}]
2016-02-03 13:39:45.907 DEBUG processModel 4132 0003daee-00f9-8000-a73e-010000010000 Processing reference: ActivityClassParameter[name=procInheritsPriority,it=1,v=1]
2016-02-03 13:39:45.907 DEBUG processModel 4132 0003daee-00f9-8000-a73e-010000010000 Processing reference: ActivityClassParameter[name=pmUUID,it=3,v=]
2016-02-03 13:39:45.907 DEBUG processModel 4132 0003daee-00f9-8000-a73e-010000010000 Processing reference: ActivityClassParameter[name=isAsynchronous,it=26,v=1]
2016-02-03 13:39:45.907 DEBUG processModel 4132 0003daee-00f9-8000-a73e-010000010000 Processing reference: ActivityClassParameter[name=isTransparent,it=26,v=1]
2016-02-03 13:39:45.907 DEBUG processModel 4132 0003daee-00f9-8000-a73e-010000010000 Processing reference: ActivityClassParameter[name=inheritSecurity,it=26,v=0]
2016-02-03 13:39:45.908 DEBUG processModel 4132 0003daee-00f9-8000-a73e-010000010000 Processing reference: ActivityClassParameter[name=DatabaseDatabase,it=3,v=]
2016-02-03 13:39:45.908 DEBUG processModel 4132 0003daee-00f9-8000-a73e-010000010000 Processing reference: ActivityClassParameter[name=DatabaseHost,it=3,v=]
2016-02-03 13:39:45.908 DEBUG processModel 4132 0003daee-00f9-8000-a73e-010000010000 Processing reference: ActivityClassParameter[name=DatabasePassword,it=3,v=]
2016-02-03 13:39:45.908 DEBUG processModel 4132 0003daee-00f9-8000-a73e-010000010000 Processing reference: ActivityClassParameter[name=DatabasePort,it=3,v=]
2016-02-03 13:39:45.908 DEBUG processModel 4132 0003daee-00f9-8000-a73e-010000010000 Processing reference: ActivityClassParameter[name=DatabaseUsername,it=3,v=]
2016-02-03 13:39:45.908 DEBUG processModel 4132 0003daee-00f9-8000-a73e-010000010000 Processing reference: ActivityClassParameter[name=Division,it=3,v=]
2016-02-03 13:39:45.909 DEBUG processModel 4132 0003daee-00f9-8000-a73e-010000010000 Processing reference: ActivityClassParameter[name=FiscalYearList,it=101,v=<null>]
2016-02-03 13:39:45.909 DEBUG processModel 4132 0003daee-00f9-8000-a73e-010000010000 Processing reference: ActivityClassParameter[name=FundsList,it=103,v=<null>]
2016-02-03 13:39:45.909 DEBUG processModel 4132 0003daee-00f9-8000-a73e-010000010000 Processing reference: ActivityClassParameter[name=Organiziation,it=3,v=]
2016-02-03 13:39:45.909 DEBUG processModel 4132 0003daee-00f9-8000-a73e-010000010000 Processing reference: ActivityClassParameter[name=Program,it=3,v=]
2016-02-03 13:39:45.909 DEBUG processModel 4132 0003daee-00f9-8000-a73e-010000010000 Processing reference: ActivityClassParameter[name=WsdlPassword,it=3,v=]
2016-02-03 13:39:45.909 DEBUG processModel 4132 0003daee-00f9-8000-a73e-010000010000 Processing reference: ActivityClassParameter[name=WsdlUrl,it=3,v=]
2016-02-03 13:39:45.909 DEBUG processModel 4132 0003daee-00f9-8000-a73e-010000010000 Processing reference: ActivityClassParameter[name=WsdlUsername,it=3,v=]
2016-02-03 13:39:45.909 DEBUG processModel 4132 0003daee-00f9-8000-a73e-010000010000 Processing reference: ActivityClassParameter[name=error,it=26,v=<null>]
2016-02-03 13:39:45.909 DEBUG processModel 4132 0003daee-00f9-8000-a73e-010000010000 Processing reference: ActivityClassParameter[name=updateDate,it=7,v=<null>]
2016-02-03 13:39:45.91 DEBUG processModel 4132 0003daee-00f9-8000-a73e-010000010000 Processing reference: ProcessVariable[name=error,it=26,v=<null>]
2016-02-03 13:39:45.91 DEBUG processModel 4132 0003daee-00f9-8000-a73e-010000010000 Processing reference: com.appiancorp.suiteapi.process.ProcessRoleMap@6710542a[
  Role[name=ADMIN_OWNER,groupIds=[9]]
  Role[name=EDITOR]
  Role[name=EXPLICIT_NONMEMBER]
  Role[name=VIEWER,groupIds=[20]]
  Role[name=MANAGER]
  Role[name=INITIATOR]
]
2016-02-03 13:39:45.91 DEBUG processModel 4132 0003daee-00f9-8000-a73e-010000010000 Processing reference: Role[name=ADMIN_OWNER,groupIds=[9]]
2016-02-03 13:39:45.911 DEBUG processModel 4132 0003daee-00f9-8000-a73e-010000010000 Processing reference: Role[name=EDITOR]
2016-02-03 13:39:45.911 DEBUG processModel 4132 0003daee-00f9-8000-a73e-010000010000 Processing reference: Role[name=EXPLICIT_NONMEMBER]
2016-02-03 13:39:45.911 DEBUG processModel 4132 0003daee-00f9-8000-a73e-010000010000 Processing reference: Role[name=VIEWER,groupIds=[20]]
2016-02-03 13:39:45.912 DEBUG processModel 4132 0003daee-00f9-8000-a73e-010000010000 Processing reference: Role[name=MANAGER]
2016-02-03 13:39:45.912 DEBUG processModel 4132 0003daee-00f9-8000-a73e-010000010000 Processing reference: Role[name=INITIATOR]
2016-02-03 13:39:45.928 DEBUG processModel 4132 0003daee-00f9-8000-a73e-010000010000 Exporting binary resources.
2016-02-03 13:39:45.928 DEBUG processModel 4132 0003daee-00f9-8000-a73e-010000010000 Serializing object to XML.
2016-02-03 13:39:45.941 DEBUG processModel 4132 0003daee-00f9-8000-a73e-010000010000 Object transported.
2016-02-03 13:39:45.941 DEBUG application 34656 _a-0000dbe3-242a-8000-a73e-010000010000_38155 Exporting binary resources.
2016-02-03 13:39:45.941 DEBUG application 34656 _a-0000dbe3-242a-8000-a73e-010000010000_38155 Serializing object to XML.
2016-02-03 13:39:46.167 DEBUG application 34656 _a-0000dbe3-242a-8000-a73e-010000010000_38155 Object transported.
